2023/11/01 15:59:54 [emerg] 1#1: no "ssl_certificate" is defined for the "listen ... ssl" directive in /etc/nginx/conf.d/default.conf:1
2023/11/01 15:59:55 [emerg] 1#1: no "ssl_certificate" is defined for the "listen ... ssl" directive in /etc/nginx/conf.d/default.conf:1
2023/11/01 15:59:56 [emerg] 1#1: no "ssl_certificate" is defined for the "listen ... ssl" directive in /etc/nginx/conf.d/default.conf:1
2023/11/01 15:59:57 [emerg] 1#1: no "ssl_certificate" is defined for the "listen ... ssl" directive in /etc/nginx/conf.d/default.conf:1
2023/11/01 15:59:58 [emerg] 1#1: no "ssl_certificate" is defined for the "listen ... ssl" directive in /etc/nginx/conf.d/default.conf:1
2023/11/01 16:00:00 [emerg] 1#1: no "ssl_certificate" is defined for the "listen ... ssl" directive in /etc/nginx/conf.d/default.conf:1
2023/11/01 16:00:04 [emerg] 1#1: no "ssl_certificate" is defined for the "listen ... ssl" directive in /etc/nginx/conf.d/default.conf:1
2023/11/01 16:00:11 [emerg] 1#1: no "ssl_certificate" is defined for the "listen ... ssl" directive in /etc/nginx/conf.d/default.conf:1
2023/11/01 16:00:24 [emerg] 1#1: no "ssl_certificate" is defined for the "listen ... ssl" directive in /etc/nginx/conf.d/default.conf:1
2023/11/01 16:00:50 [emerg] 1#1: no "ssl_certificate" is defined for the "listen ... ssl" directive in /etc/nginx/conf.d/default.conf:1
2023/11/02 13:26:54 [emerg] 1#1: "charset" directive is duplicate in /etc/nginx/conf.d/default.conf:18
2023/11/02 13:26:55 [emerg] 1#1: "charset" directive is duplicate in /etc/nginx/conf.d/default.conf:18
2023/11/02 13:26:56 [emerg] 1#1: "charset" directive is duplicate in /etc/nginx/conf.d/default.conf:18
2023/11/02 13:26:57 [emerg] 1#1: "charset" directive is duplicate in /etc/nginx/conf.d/default.conf:18
2023/11/02 13:26:59 [emerg] 1#1: "charset" directive is duplicate in /etc/nginx/conf.d/default.conf:18
2023/11/02 13:27:01 [emerg] 1#1: "charset" directive is duplicate in /etc/nginx/conf.d/default.conf:18
2023/11/02 13:27:04 [emerg] 1#1: "charset" directive is duplicate in /etc/nginx/conf.d/default.conf:18
2023/11/02 13:27:11 [emerg] 1#1: "charset" directive is duplicate in /etc/nginx/conf.d/default.conf:18
2023/11/02 13:27:24 [emerg] 1#1: "charset" directive is duplicate in /etc/nginx/conf.d/default.conf:18
2023/11/03 12:13:25 [emerg] 1#1: cannot load certificate key "/etc/ssl/private/loc.ast.ru.key": PEM_read_bio_PrivateKey() failed (SSL: error:2807106B:UI routines:UI_process:processing error:while reading strings error:0906406D:PEM routines:PEM_def_callback:problems getting password error:0907B068:PEM routines:PEM_read_bio_PrivateKey:bad password read)
2023/11/03 12:15:26 [emerg] 1#1: cannot load certificate key "/etc/ssl/private/loc.ast.ru.key": PEM_read_bio_PrivateKey() failed (SSL: error:2807106B:UI routines:UI_process:processing error:while reading strings error:0906406D:PEM routines:PEM_def_callback:problems getting password error:0907B068:PEM routines:PEM_read_bio_PrivateKey:bad password read)
2023/11/03 12:19:24 [emerg] 1#1: cannot load certificate key "/etc/ssl/private/loc.ast.ru.key": PEM_read_bio_PrivateKey() failed (SSL: error:2807106B:UI routines:UI_process:processing error:while reading strings error:0906406D:PEM routines:PEM_def_callback:problems getting password error:0907B068:PEM routines:PEM_read_bio_PrivateKey:bad password read)
2023/11/03 12:27:16 [emerg] 1#1: cannot load certificate key "/etc/ssl/private/loc.ast.ru.key": PEM_read_bio_PrivateKey() failed (SSL: error:2807106B:UI routines:UI_process:processing error:while reading strings error:0906406D:PEM routines:PEM_def_callback:problems getting password error:0907B068:PEM routines:PEM_read_bio_PrivateKey:bad password read)
2023/11/03 12:43:04 [emerg] 1#1: unknown log format "main" in /etc/nginx/conf.d/ssl.conf:6
2023/11/03 12:43:05 [emerg] 1#1: unknown log format "main" in /etc/nginx/conf.d/ssl.conf:6
2023/11/03 12:43:06 [emerg] 1#1: unknown log format "main" in /etc/nginx/conf.d/ssl.conf:6
2023/11/03 12:43:07 [emerg] 1#1: unknown log format "main" in /etc/nginx/conf.d/ssl.conf:6
2023/11/03 12:43:08 [emerg] 1#1: unknown log format "main" in /etc/nginx/conf.d/ssl.conf:6
2023/11/03 12:43:10 [emerg] 1#1: unknown log format "main" in /etc/nginx/conf.d/ssl.conf:6
2023/11/03 12:43:14 [emerg] 1#1: unknown log format "main" in /etc/nginx/conf.d/ssl.conf:6
2023/11/03 12:43:21 [emerg] 1#1: unknown log format "main" in /etc/nginx/conf.d/ssl.conf:6
2023/11/03 12:43:34 [emerg] 1#1: unknown log format "main" in /etc/nginx/conf.d/ssl.conf:6
2023/11/12 15:26:39 [emerg] 1#1: cannot load certificate "/etc/nginx/ssl/certificate.crt": BIO_new_file() failed (SSL: error:02001002:system library:fopen:No such file or directory:fopen('/etc/nginx/ssl/certificate.crt','r') error:2006D080:BIO routines:BIO_new_file:no such file)
2023/11/12 15:26:40 [emerg] 1#1: cannot load certificate "/etc/nginx/ssl/certificate.crt": BIO_new_file() failed (SSL: error:02001002:system library:fopen:No such file or directory:fopen('/etc/nginx/ssl/certificate.crt','r') error:2006D080:BIO routines:BIO_new_file:no such file)
2023/11/12 15:26:41 [emerg] 1#1: cannot load certificate "/etc/nginx/ssl/certificate.crt": BIO_new_file() failed (SSL: error:02001002:system library:fopen:No such file or directory:fopen('/etc/nginx/ssl/certificate.crt','r') error:2006D080:BIO routines:BIO_new_file:no such file)
2023/11/12 15:26:43 [emerg] 1#1: cannot load certificate "/etc/nginx/ssl/certificate.crt": BIO_new_file() failed (SSL: error:02001002:system library:fopen:No such file or directory:fopen('/etc/nginx/ssl/certificate.crt','r') error:2006D080:BIO routines:BIO_new_file:no such file)
2023/11/12 15:26:45 [emerg] 1#1: cannot load certificate "/etc/nginx/ssl/certificate.crt": BIO_new_file() failed (SSL: error:02001002:system library:fopen:No such file or directory:fopen('/etc/nginx/ssl/certificate.crt','r') error:2006D080:BIO routines:BIO_new_file:no such file)
2023/11/12 15:26:47 [emerg] 1#1: cannot load certificate "/etc/nginx/ssl/certificate.crt": BIO_new_file() failed (SSL: error:02001002:system library:fopen:No such file or directory:fopen('/etc/nginx/ssl/certificate.crt','r') error:2006D080:BIO routines:BIO_new_file:no such file)
2023/11/12 15:26:51 [emerg] 1#1: cannot load certificate "/etc/nginx/ssl/certificate.crt": BIO_new_file() failed (SSL: error:02001002:system library:fopen:No such file or directory:fopen('/etc/nginx/ssl/certificate.crt','r') error:2006D080:BIO routines:BIO_new_file:no such file)
2023/11/12 15:26:58 [emerg] 1#1: cannot load certificate "/etc/nginx/ssl/certificate.crt": BIO_new_file() failed (SSL: error:02001002:system library:fopen:No such file or directory:fopen('/etc/nginx/ssl/certificate.crt','r') error:2006D080:BIO routines:BIO_new_file:no such file)
2023/11/12 15:27:11 [emerg] 1#1: cannot load certificate "/etc/nginx/ssl/certificate.crt": BIO_new_file() failed (SSL: error:02001002:system library:fopen:No such file or directory:fopen('/etc/nginx/ssl/certificate.crt','r') error:2006D080:BIO routines:BIO_new_file:no such file)
2023/11/12 15:27:37 [emerg] 1#1: cannot load certificate "/etc/nginx/ssl/certificate.crt": BIO_new_file() failed (SSL: error:02001002:system library:fopen:No such file or directory:fopen('/etc/nginx/ssl/certificate.crt','r') error:2006D080:BIO routines:BIO_new_file:no such file)
2023/11/12 15:28:29 [emerg] 1#1: cannot load certificate "/etc/nginx/ssl/certificate.crt": BIO_new_file() failed (SSL: error:02001002:system library:fopen:No such file or directory:fopen('/etc/nginx/ssl/certificate.crt','r') error:2006D080:BIO routines:BIO_new_file:no such file)
2023/11/12 15:29:30 [emerg] 1#1: cannot load certificate "/etc/nginx/ssl/certificate.crt": BIO_new_file() failed (SSL: error:02001002:system library:fopen:No such file or directory:fopen('/etc/nginx/ssl/certificate.crt','r') error:2006D080:BIO routines:BIO_new_file:no such file)
2023/11/12 15:30:31 [emerg] 1#1: cannot load certificate "/etc/nginx/ssl/certificate.crt": BIO_new_file() failed (SSL: error:02001002:system library:fopen:No such file or directory:fopen('/etc/nginx/ssl/certificate.crt','r') error:2006D080:BIO routines:BIO_new_file:no such file)
2023/11/12 15:31:31 [emerg] 1#1: cannot load certificate "/etc/nginx/ssl/certificate.crt": BIO_new_file() failed (SSL: error:02001002:system library:fopen:No such file or directory:fopen('/etc/nginx/ssl/certificate.crt','r') error:2006D080:BIO routines:BIO_new_file:no such file)
2023/11/12 15:32:32 [emerg] 1#1: cannot load certificate "/etc/nginx/ssl/certificate.crt": BIO_new_file() failed (SSL: error:02001002:system library:fopen:No such file or directory:fopen('/etc/nginx/ssl/certificate.crt','r') error:2006D080:BIO routines:BIO_new_file:no such file)
2023/11/12 15:33:33 [emerg] 1#1: cannot load certificate "/etc/nginx/ssl/certificate.crt": BIO_new_file() failed (SSL: error:02001002:system library:fopen:No such file or directory:fopen('/etc/nginx/ssl/certificate.crt','r') error:2006D080:BIO routines:BIO_new_file:no such file)
2023/11/12 15:34:33 [emerg] 1#1: cannot load certificate "/etc/nginx/ssl/certificate.crt": BIO_new_file() failed (SSL: error:02001002:system library:fopen:No such file or directory:fopen('/etc/nginx/ssl/certificate.crt','r') error:2006D080:BIO routines:BIO_new_file:no such file)
2023/11/12 15:35:34 [emerg] 1#1: cannot load certificate "/etc/nginx/ssl/certificate.crt": BIO_new_file() failed (SSL: error:02001002:system library:fopen:No such file or directory:fopen('/etc/nginx/ssl/certificate.crt','r') error:2006D080:BIO routines:BIO_new_file:no such file)
2023/11/12 15:36:34 [emerg] 1#1: cannot load certificate "/etc/nginx/ssl/certificate.crt": BIO_new_file() failed (SSL: error:02001002:system library:fopen:No such file or directory:fopen('/etc/nginx/ssl/certificate.crt','r') error:2006D080:BIO routines:BIO_new_file:no such file)
2023/11/12 15:37:35 [emerg] 1#1: cannot load certificate "/etc/nginx/ssl/certificate.crt": BIO_new_file() failed (SSL: error:02001002:system library:fopen:No such file or directory:fopen('/etc/nginx/ssl/certificate.crt','r') error:2006D080:BIO routines:BIO_new_file:no such file)
2023/11/12 15:38:36 [emerg] 1#1: cannot load certificate "/etc/nginx/ssl/certificate.crt": BIO_new_file() failed (SSL: error:02001002:system library:fopen:No such file or directory:fopen('/etc/nginx/ssl/certificate.crt','r') error:2006D080:BIO routines:BIO_new_file:no such file)
2023/11/12 15:39:36 [emerg] 1#1: cannot load certificate "/etc/nginx/ssl/certificate.crt": BIO_new_file() failed (SSL: error:02001002:system library:fopen:No such file or directory:fopen('/etc/nginx/ssl/certificate.crt','r') error:2006D080:BIO routines:BIO_new_file:no such file)
2023/11/12 15:40:37 [emerg] 1#1: cannot load certificate "/etc/nginx/ssl/certificate.crt": BIO_new_file() failed (SSL: error:02001002:system library:fopen:No such file or directory:fopen('/etc/nginx/ssl/certificate.crt','r') error:2006D080:BIO routines:BIO_new_file:no such file)
2023/11/12 15:41:37 [emerg] 1#1: cannot load certificate "/etc/nginx/ssl/certificate.crt": BIO_new_file() failed (SSL: error:02001002:system library:fopen:No such file or directory:fopen('/etc/nginx/ssl/certificate.crt','r') error:2006D080:BIO routines:BIO_new_file:no such file)
2023/11/12 15:42:38 [emerg] 1#1: cannot load certificate "/etc/nginx/ssl/certificate.crt": BIO_new_file() failed (SSL: error:02001002:system library:fopen:No such file or directory:fopen('/etc/nginx/ssl/certificate.crt','r') error:2006D080:BIO routines:BIO_new_file:no such file)
2023/11/12 15:43:39 [emerg] 1#1: cannot load certificate "/etc/nginx/ssl/certificate.crt": BIO_new_file() failed (SSL: error:02001002:system library:fopen:No such file or directory:fopen('/etc/nginx/ssl/certificate.crt','r') error:2006D080:BIO routines:BIO_new_file:no such file)
2023/11/12 15:44:39 [emerg] 1#1: cannot load certificate "/etc/nginx/ssl/certificate.crt": BIO_new_file() failed (SSL: error:02001002:system library:fopen:No such file or directory:fopen('/etc/nginx/ssl/certificate.crt','r') error:2006D080:BIO routines:BIO_new_file:no such file)
2023/11/12 15:45:40 [emerg] 1#1: cannot load certificate "/etc/nginx/ssl/certificate.crt": BIO_new_file() failed (SSL: error:02001002:system library:fopen:No such file or directory:fopen('/etc/nginx/ssl/certificate.crt','r') error:2006D080:BIO routines:BIO_new_file:no such file)
2023/11/12 15:46:40 [emerg] 1#1: cannot load certificate "/etc/nginx/ssl/certificate.crt": BIO_new_file() failed (SSL: error:02001002:system library:fopen:No such file or directory:fopen('/etc/nginx/ssl/certificate.crt','r') error:2006D080:BIO routines:BIO_new_file:no such file)
2023/11/12 15:47:41 [emerg] 1#1: cannot load certificate "/etc/nginx/ssl/certificate.crt": BIO_new_file() failed (SSL: error:02001002:system library:fopen:No such file or directory:fopen('/etc/nginx/ssl/certificate.crt','r') error:2006D080:BIO routines:BIO_new_file:no such file)
2023/11/12 15:48:42 [emerg] 1#1: cannot load certificate "/etc/nginx/ssl/certificate.crt": BIO_new_file() failed (SSL: error:02001002:system library:fopen:No such file or directory:fopen('/etc/nginx/ssl/certificate.crt','r') error:2006D080:BIO routines:BIO_new_file:no such file)
2023/11/12 15:49:42 [emerg] 1#1: cannot load certificate "/etc/nginx/ssl/certificate.crt": BIO_new_file() failed (SSL: error:02001002:system library:fopen:No such file or directory:fopen('/etc/nginx/ssl/certificate.crt','r') error:2006D080:BIO routines:BIO_new_file:no such file)
2023/11/12 15:50:43 [emerg] 1#1: cannot load certificate "/etc/nginx/ssl/certificate.crt": BIO_new_file() failed (SSL: error:02001002:system library:fopen:No such file or directory:fopen('/etc/nginx/ssl/certificate.crt','r') error:2006D080:BIO routines:BIO_new_file:no such file)
2023/11/12 15:51:14 [emerg] 1#1: cannot load certificate key "/etc/nginx/ssl/loc.ast.ru.key": PEM_read_bio_PrivateKey() failed (SSL: error:2807106B:UI routines:UI_process:processing error:while reading strings error:0906406D:PEM routines:PEM_def_callback:problems getting password error:0907B068:PEM routines:PEM_read_bio_PrivateKey:bad password read)
2023/11/12 17:10:57 [emerg] 1#1: cannot load certificate key "/etc/nginx/ssl/loc.ast.ru.key": PEM_read_bio_PrivateKey() failed (SSL: error:2807106B:UI routines:UI_process:processing error:while reading strings error:0906406D:PEM routines:PEM_def_callback:problems getting password error:0907B068:PEM routines:PEM_read_bio_PrivateKey:bad password read)
2023/11/12 17:11:19 [emerg] 1#1: cannot load certificate key "/etc/nginx/ssl/loc.ast.ru.key": PEM_read_bio_PrivateKey() failed (SSL: error:2807106B:UI routines:UI_process:processing error:while reading strings error:0906406D:PEM routines:PEM_def_callback:problems getting password error:0907B068:PEM routines:PEM_read_bio_PrivateKey:bad password read)
2023/11/12 17:13:24 [emerg] 1#1: cannot load certificate key "/etc/nginx/ssl/loc.ast.ru.key": PEM_read_bio_PrivateKey() failed (SSL: error:2807106B:UI routines:UI_process:processing error:while reading strings error:0906406D:PEM routines:PEM_def_callback:problems getting password error:0907B068:PEM routines:PEM_read_bio_PrivateKey:bad password read)
2023/11/12 17:16:19 [emerg] 1#1: cannot load certificate key "/etc/nginx/ssl/loc.ast.ru.key": PEM_read_bio_PrivateKey() failed (SSL: error:2807106B:UI routines:UI_process:processing error:while reading strings error:0906406D:PEM routines:PEM_def_callback:problems getting password error:0907B068:PEM routines:PEM_read_bio_PrivateKey:bad password read)
2023/11/12 17:16:43 [emerg] 1#1: cannot load certificate key "/etc/nginx/ssl/loc.ast.ru.key": PEM_read_bio_PrivateKey() failed (SSL: error:2807106B:UI routines:UI_process:processing error:while reading strings error:0906406D:PEM routines:PEM_def_callback:problems getting password error:0907B068:PEM routines:PEM_read_bio_PrivateKey:bad password read)
2023/11/12 17:20:45 [emerg] 1#1: cannot load certificate key "/etc/nginx/ssl/loc.ast.ru.key": PEM_read_bio_PrivateKey() failed (SSL: error:2807106B:UI routines:UI_process:processing error:while reading strings error:0906406D:PEM routines:PEM_def_callback:problems getting password error:0907B068:PEM routines:PEM_read_bio_PrivateKey:bad password read)
2023/11/12 17:22:41 [emerg] 1#1: cannot load certificate key "/etc/nginx/ssl/loc.ast.ru.key": PEM_read_bio_PrivateKey() failed (SSL: error:2807106B:UI routines:UI_process:processing error:while reading strings error:0906406D:PEM routines:PEM_def_callback:problems getting password error:0907B068:PEM routines:PEM_read_bio_PrivateKey:bad password read)
2023/11/12 17:23:58 [emerg] 1#1: cannot load certificate key "/etc/nginx/ssl/loc.ast.ru.key": PEM_read_bio_PrivateKey() failed (SSL: error:2807106B:UI routines:UI_process:processing error:while reading strings error:0906406D:PEM routines:PEM_def_callback:problems getting password error:0907B068:PEM routines:PEM_read_bio_PrivateKey:bad password read)
